build/app/intermediates/manifest_merge_blame_file/debug/manifest-merger-blame-debug-report.txt
1<?xml version="1.0" encoding="utf-8"?>
2<manifest xmlns:android="http://schemas.android.com/apk/res/android"
3    package="com.example.phrasoo"
4    android:versionCode="1"
5    android:versionName="1.0.0" >
6
7    <uses-sdk
8        android:minSdkVersion="19"
9        android:targetSdkVersion="33" />
10    <!--
11         The INTERNET permission is required for development. Specifically,
12         the Flutter tool needs it to communicate with the running application
13         to allow setting breakpoints, to provide hot reload, etc.
14    -->
15    <uses-permission android:name="android.permission.INTERNET" />
15-->src\debug\AndroidManifest.xml:6:5-66
15-->src\debug\AndroidManifest.xml:6:22-64
16
17    <queries>
17-->[net.openid:appauth:0.11.1] AndroidManifest.xml:24:5-32:15
18        <intent>
18-->[net.openid:appauth:0.11.1] AndroidManifest.xml:25:9-31:18
19            <action android:name="android.intent.action.VIEW" />
19-->[net.openid:appauth:0.11.1] AndroidManifest.xml:26:13-65
19-->[net.openid:appauth:0.11.1] AndroidManifest.xml:26:21-62
20
21            <category android:name="android.intent.category.BROWSABLE" />
21-->[net.openid:appauth:0.11.1] AndroidManifest.xml:28:13-74
21-->[net.openid:appauth:0.11.1] AndroidManifest.xml:28:23-71
22
23            <data android:scheme="https" />
23-->[net.openid:appauth:0.11.1] AndroidManifest.xml:30:13-44
23-->[net.openid:appauth:0.11.1] AndroidManifest.xml:30:19-41
24        </intent>
25    </queries>
26
27    <permission
27-->[androidx.core:core:1.10.1] AndroidManifest.xml:22:5-24:47
28        android:name="com.example.phrasoo.DYNAMIC_RECEIVER_NOT_EXPORTED_PERMISSION"
28-->[androidx.core:core:1.10.1] AndroidManifest.xml:23:9-81
29        android:protectionLevel="signature" />
29-->[androidx.core:core:1.10.1] AndroidManifest.xml:24:9-44
30
31    <uses-permission android:name="com.example.phrasoo.DYNAMIC_RECEIVER_NOT_EXPORTED_PERMISSION" />
31-->[androidx.core:core:1.10.1] AndroidManifest.xml:26:5-97
31-->[androidx.core:core:1.10.1] AndroidManifest.xml:26:22-94
32
33    <application
34        android:name="io.flutter.app.FlutterMultiDexApplication"
35        android:appComponentFactory="androidx.core.app.CoreComponentFactory"
35-->[androidx.core:core:1.10.1] AndroidManifest.xml:28:18-86
36        android:debuggable="true"
37        android:icon="@mipmap/ic_launcher"
38        android:label="phraso" >
39        <activity
40            android:name="com.example.phrasoo.MainActivity"
41            android:configChanges="orientation|keyboardHidden|keyboard|screenSize|smallestScreenSize|locale|layoutDirection|fontScale|screenLayout|density|uiMode"
42            android:exported="true"
43            android:hardwareAccelerated="true"
44            android:launchMode="singleTop"
45            android:theme="@style/LaunchTheme"
46            android:windowSoftInputMode="adjustResize" >
47
48            <!--
49                 Specifies an Android theme to apply to this Activity as soon as
50                 the Android process has started. This theme is visible to the user
51                 while the Flutter UI initializes. After that, this theme continues
52                 to determine the Window background behind the Flutter UI.
53            -->
54            <meta-data
55                android:name="io.flutter.embedding.android.NormalTheme"
56                android:resource="@style/NormalTheme" />
57
58            <intent-filter>
59                <action android:name="android.intent.action.MAIN" />
60
61                <category android:name="android.intent.category.LAUNCHER" />
62            </intent-filter>
63        </activity>
64        <!--
65             Don't delete the meta-data below.
66             This is used by the Flutter tool to generate GeneratedPluginRegistrant.java
67        -->
68        <meta-data
69            android:name="flutterEmbedding"
70            android:value="2" />
71
72        <activity
72-->[:url_launcher_android] AndroidManifest.xml:10:9-13:74
73            android:name="io.flutter.plugins.urllauncher.WebViewActivity"
73-->[:url_launcher_android] AndroidManifest.xml:11:13-74
74            android:exported="false"
74-->[:url_launcher_android] AndroidManifest.xml:12:13-37
75            android:theme="@android:style/Theme.NoTitleBar.Fullscreen" />
75-->[:url_launcher_android] AndroidManifest.xml:13:13-71
76
77        <uses-library
77-->[androidx.window:window:1.0.0-beta04] AndroidManifest.xml:25:9-27:40
78            android:name="androidx.window.extensions"
78-->[androidx.window:window:1.0.0-beta04] AndroidManifest.xml:26:13-54
79            android:required="false" />
79-->[androidx.window:window:1.0.0-beta04] AndroidManifest.xml:27:13-37
80        <uses-library
80-->[androidx.window:window:1.0.0-beta04] AndroidManifest.xml:28:9-30:40
81            android:name="androidx.window.sidecar"
81-->[androidx.window:window:1.0.0-beta04] AndroidManifest.xml:29:13-51
82            android:required="false" />
82-->[androidx.window:window:1.0.0-beta04] AndroidManifest.xml:30:13-37
83
84        <activity
84-->[net.openid:appauth:0.11.1] AndroidManifest.xml:35:9-40:77
85            android:name="net.openid.appauth.AuthorizationManagementActivity"
85-->[net.openid:appauth:0.11.1] AndroidManifest.xml:36:13-78
86            android:configChanges="screenSize|smallestScreenSize|screenLayout|orientation|keyboard|keyboardHidden"
86-->[net.openid:appauth:0.11.1] AndroidManifest.xml:37:13-115
87            android:exported="false"
87-->[net.openid:appauth:0.11.1] AndroidManifest.xml:38:13-37
88            android:launchMode="singleTask"
88-->[net.openid:appauth:0.11.1] AndroidManifest.xml:39:13-44
89            android:theme="@style/Theme.AppCompat.Translucent.NoTitleBar" />
89-->[net.openid:appauth:0.11.1] AndroidManifest.xml:40:13-74
90        <activity
90-->[net.openid:appauth:0.11.1] AndroidManifest.xml:41:9-52:20
91            android:name="net.openid.appauth.RedirectUriReceiverActivity"
91-->[net.openid:appauth:0.11.1] AndroidManifest.xml:42:13-74
92            android:exported="true" >
92-->[net.openid:appauth:0.11.1] AndroidManifest.xml:43:13-36
93            <intent-filter>
93-->[net.openid:appauth:0.11.1] AndroidManifest.xml:44:13-51:29
94                <action android:name="android.intent.action.VIEW" />
94-->[net.openid:appauth:0.11.1] AndroidManifest.xml:26:13-65
94-->[net.openid:appauth:0.11.1] AndroidManifest.xml:26:21-62
95
96                <category android:name="android.intent.category.DEFAULT" />
96-->[net.openid:appauth:0.11.1] AndroidManifest.xml:47:17-76
96-->[net.openid:appauth:0.11.1] AndroidManifest.xml:47:27-73
97                <category android:name="android.intent.category.BROWSABLE" />
97-->[net.openid:appauth:0.11.1] AndroidManifest.xml:28:13-74
97-->[net.openid:appauth:0.11.1] AndroidManifest.xml:28:23-71
98
99                <data android:scheme="com.example.phrasoo" />
99-->[net.openid:appauth:0.11.1] AndroidManifest.xml:30:13-44
99-->[net.openid:appauth:0.11.1] AndroidManifest.xml:30:19-41
100            </intent-filter>
101        </activity>
102        <activity
102-->[com.google.android.gms:play-services-auth:20.7.0] AndroidManifest.xml:23:9-27:75
103            android:name="com.google.android.gms.auth.api.signin.internal.SignInHubActivity"
103-->[com.google.android.gms:play-services-auth:20.7.0] AndroidManifest.xml:24:13-93
104            android:excludeFromRecents="true"
104-->[com.google.android.gms:play-services-auth:20.7.0] AndroidManifest.xml:25:13-46
105            android:exported="false"
105-->[com.google.android.gms:play-services-auth:20.7.0] AndroidManifest.xml:26:13-37
106            android:theme="@android:style/Theme.Translucent.NoTitleBar" />
106-->[com.google.android.gms:play-services-auth:20.7.0] AndroidManifest.xml:27:13-72
107        <!--
108            Service handling Google Sign-In user revocation. For apps that do not integrate with
109            Google Sign-In, this service will never be started.
110        -->
111        <service
111-->[com.google.android.gms:play-services-auth:20.7.0] AndroidManifest.xml:33:9-37:51
112            android:name="com.google.android.gms.auth.api.signin.RevocationBoundService"
112-->[com.google.android.gms:play-services-auth:20.7.0] AndroidManifest.xml:34:13-89
113            android:exported="true"
113-->[com.google.android.gms:play-services-auth:20.7.0] AndroidManifest.xml:35:13-36
114            android:permission="com.google.android.gms.auth.api.signin.permission.REVOCATION_NOTIFICATION"
114-->[com.google.android.gms:play-services-auth:20.7.0] AndroidManifest.xml:36:13-107
115            android:visibleToInstantApps="true" />
115-->[com.google.android.gms:play-services-auth:20.7.0] AndroidManifest.xml:37:13-48
116
117        <activity
117-->[com.google.android.gms:play-services-base:18.0.1] AndroidManifest.xml:20:9-22:45
118            android:name="com.google.android.gms.common.api.GoogleApiActivity"
118-->[com.google.android.gms:play-services-base:18.0.1] AndroidManifest.xml:20:19-85
119            android:exported="false"
119-->[com.google.android.gms:play-services-base:18.0.1] AndroidManifest.xml:22:19-43
120            android:theme="@android:style/Theme.Translucent.NoTitleBar" />
120-->[com.google.android.gms:play-services-base:18.0.1] AndroidManifest.xml:21:19-78
121
122        <meta-data
122-->[com.google.android.gms:play-services-basement:18.2.0] AndroidManifest.xml:21:9-23:69
123            android:name="com.google.android.gms.version"
123-->[com.google.android.gms:play-services-basement:18.2.0] AndroidManifest.xml:22:13-58
124            android:value="@integer/google_play_services_version" />
124-->[com.google.android.gms:play-services-basement:18.2.0] AndroidManifest.xml:23:13-66
125    </application>
126
127</manifest>